<?xml version="1.0" encoding="UTF-8"?>
<!-- Generated by org.testng.reporters.JUnitReportReporter -->
<testsuite hostname="DESKTOP-VG9MAAH" failures="0" tests="1" name="Test.LoginTest" time="9.924" errors="0" timestamp="2023-07-21T14:50:50 IST" skipped="0">
  <testcase classname="Test.LoginTest" name="VerifyLogin" time="9.924"/>
</testsuite> <!-- Test.LoginTest -->
