<?xml version="1.0" encoding="UTF-8"?>
<!-- Generated by org.testng.reporters.JUnitReportReporter -->
<testsuite hostname="DESKTOP-VG9MAAH" failures="0" tests="2" name="Test.ProductTest" time="58.025" errors="0" timestamp="2023-07-21T16:52:06 IST" skipped="0">
  <testcase classname="Test.ProductTest" name="VerifyLogin" time="11.549"/>
  <testcase classname="Test.ProductTest" name="VerifyProduct" time="46.476"/>
</testsuite> <!-- Test.ProductTest -->
