<?xml version="1.0" encoding="UTF-8"?>
<!-- Generated by org.testng.reporters.JUnitReportReporter -->
<testsuite hostname="DESKTOP-VG9MAAH" failures="0" tests="1" name="Test.RegTest" time="15.095" errors="0" timestamp="2023-07-27T02:27:26 IST" skipped="0">
  <testcase classname="Test.RegTest" name="reg" time="15.095"/>
</testsuite> <!-- Test.RegTest -->
